Unity Editor version:    2020.3.26f1 (7298b473bc1a)
Branch:                  2020.3/staging
Build type:              Release
Batch mode:              YES
macOS version:           Version 12.2.1 (Build 21D62)
Darwin version:          21.3.0
Architecture:            x86_64
Running under Rosetta:   NO
Available memory:        8192 MB
Using pre-set license
Pro License: NO

COMMAND LINE ARGUMENTS:
/Users/chengweixuanmacbook/Desktop/Unity Projects/2020.3.26f1/Unity.app/Contents/MacOS/Unity
-adb2
-batchMode
-noUpm
-name
AssetImportWorker0
-projectPath
/Volumes/xuan's SSD/CS4240/VR Zombie Targets
-logFile
Logs/AssetImportWorker0.log
-srvPort
51415
Successfully changed project path to: /Volumes/xuan's SSD/CS4240/VR Zombie Targets
/Volumes/xuan's SSD/CS4240/VR Zombie Targets
Using Asset Import Pipeline V2.
Refreshing native plugins compatible for Editor in 50.53 ms, found 2 plugins.
Preloading 0 native plugins for Editor in 0.00 ms.
Initialize engine version: 2020.3.26f1 (7298b473bc1a)
[Subsystems] Discovering subsystems at path /Users/chengweixuanmacbook/Desktop/Unity Projects/2020.3.26f1/Unity.app/Contents/Resources/UnitySubsystems
[Subsystems] Discovering subsystems at path /Volumes/xuan's SSD/CS4240/VR Zombie Targets/Assets
GfxDevice: creating device client; threaded=0
2022-02-22 02:51:07.768 Unity[35214:2171187] X315 PRO preferred device: Intel(R) Iris(TM) Plus Graphics 655 (low power)
2022-02-22 02:51:07.768 Unity[35214:2171187] Metal devices available: 1
2022-02-22 02:51:07.768 Unity[35214:2171187] 0: Intel(R) Iris(TM) Plus Graphics 655 (low power)
2022-02-22 02:51:07.768 Unity[35214:2171187] Using device Intel(R) Iris(TM) Plus Graphics 655 (low power)
Initializing Metal device caps: Intel(R) Iris(TM) Plus Graphics 655
Initialize mono
Mono path[0] = '/Users/chengweixuanmacbook/Desktop/Unity Projects/2020.3.26f1/Unity.app/Contents/Managed'
Mono path[1] = '/Users/chengweixuanmacbook/Desktop/Unity Projects/2020.3.26f1/Unity.app/Contents/MonoBleedingEdge/lib/mono/unityjit'
Mono config path = '/Users/chengweixuanmacbook/Desktop/Unity Projects/2020.3.26f1/Unity.app/Contents/MonoBleedingEdge/etc'
Using monoOptions --debugger-agent=transport=dt_socket,embedding=1,server=y,suspend=n,address=127.0.0.1:56214
Begin MonoManager ReloadAssembly
Registering precompiled unity dll's ...
Register platform support module: /Users/chengweixuanmacbook/Desktop/Unity Projects/2020.3.26f1/Unity.app/Contents/PlaybackEngines/MacStandaloneSupport/UnityEditor.OSXStandalone.Extensions.dll
Register platform support module: /Users/chengweixuanmacbook/Desktop/Unity Projects/2020.3.26f1/PlaybackEngines/WindowsStandaloneSupport/UnityEditor.WindowsStandalone.Extensions.dll
Registered in 0.002369 seconds.
Native extension for WindowsStandalone target not found
Native extension for OSXStandalone target not found
Refreshing native plugins compatible for Editor in 44.63 ms, found 2 plugins.
Preloading 0 native plugins for Editor in 0.00 ms.
Mono: successfully reloaded assembly
- Completed reload, in  0.864 seconds
Domain Reload Profiling:
	ReloadAssembly (864ms)
		BeginReloadAssembly (73ms)
			ExecutionOrderSort (0ms)
			DisableScriptedObjects (0ms)
			BackupInstance (0ms)
			ReleaseScriptingObjects (0ms)
			CreateAndSetChildDomain (1ms)
		EndReloadAssembly (693ms)
			LoadAssemblies (72ms)
			RebuildTransferFunctionScriptingTraits (0ms)
			SetupTypeCache (281ms)
			ReleaseScriptCaches (0ms)
			RebuildScriptCaches (51ms)
			SetupLoadedEditorAssemblies (232ms)
				LogAssemblyErrors (0ms)
				InitializePlatformSupportModulesInManaged (5ms)
				SetLoadedEditorAssemblies (0ms)
				RefreshPlugins (45ms)
				BeforeProcessingInitializeOnLoad (34ms)
				ProcessInitializeOnLoadAttributes (114ms)
				ProcessInitializeOnLoadMethodAttributes (34ms)
				AfterProcessingInitializeOnLoad (0ms)
				EditorAssembliesLoaded (0ms)
			ExecutionOrderSort2 (0ms)
			AwakeInstancesAfterBackupRestoration (0ms)
Platform modules already initialized, skipping
Registering precompiled user dll's ...
Registered in 0.006240 seconds.
Begin MonoManager ReloadAssembly
Native extension for WindowsStandalone target not found
Native extension for OSXStandalone target not found
Refreshing native plugins compatible for Editor in 0.64 ms, found 2 plugins.
Preloading 0 native plugins for Editor in 0.00 ms.
Mono: successfully reloaded assembly
- Completed reload, in  1.313 seconds
Domain Reload Profiling:
	ReloadAssembly (1319ms)
		BeginReloadAssembly (165ms)
			ExecutionOrderSort (0ms)
			DisableScriptedObjects (6ms)
			BackupInstance (0ms)
			ReleaseScriptingObjects (0ms)
			CreateAndSetChildDomain (26ms)
		EndReloadAssembly (1081ms)
			LoadAssemblies (121ms)
			RebuildTransferFunctionScriptingTraits (0ms)
			SetupTypeCache (379ms)
			ReleaseScriptCaches (0ms)
			RebuildScriptCaches (61ms)
			SetupLoadedEditorAssemblies (380ms)
				LogAssemblyErrors (0ms)
				InitializePlatformSupportModulesInManaged (5ms)
				SetLoadedEditorAssemblies (1ms)
				RefreshPlugins (1ms)
				BeforeProcessingInitializeOnLoad (83ms)
				ProcessInitializeOnLoadAttributes (277ms)
				ProcessInitializeOnLoadMethodAttributes (12ms)
				AfterProcessingInitializeOnLoad (1ms)
				EditorAssembliesLoaded (0ms)
			ExecutionOrderSort2 (0ms)
			AwakeInstancesAfterBackupRestoration (8ms)
Platform modules already initialized, skipping
Validating Project structure ... 0.015091 seconds.
Shader import version has changed; will reimport all shaders...
Upgrading shader files ...0.036508 seconds.
Application.AssetDatabase Initial Script Refresh Start
RefreshInfo: InitialScriptRefreshV2(NoUpdateAssetOptions) scanfilter:  ... 1 filters
RefreshProfiler: Total: 0.000ms
Application.AssetDatabase Initial Script Refresh End
Application.AssetDatabase.Refresh Start
Application.AssetDatabase.Refresh End
RefreshInfo: StopAssetImportingV2(ForceSynchronousImport) scanfilter: 
RefreshProfiler: Total: 0.000ms
Launching external process: /Users/chengweixuanmacbook/Desktop/Unity Projects/2020.3.26f1/Unity.app/Contents/Tools/UnityShaderCompiler
Launched and connected shader compiler UnityShaderCompiler after 0.01 seconds
Initializing Unity extensions:
2022-02-22 02:51:15.036 Unity[35214:2171187] NSEventModifierFlagFunction specified to -setKeyEquivalentModifierMask: for item <NSMenuItem: 0x600001c587e0 Font Asset, ke='Command-F12'>, but is only supported for system-provided menu items; will not be used
2022-02-22 02:51:15.040 Unity[35214:2171187] NSEventModifierFlagFunction specified to -setKeyEquivalentModifierMask: for item <NSMenuItem: 0x600001c48620 Font Asset, ke='Command-F12'>, but is only supported for system-provided menu items; will not be used
========================================================================
Worker process is ready to serve import requests
Refreshing native plugins compatible for Editor in 0.50 ms, found 2 plugins.
Preloading 0 native plugins for Editor in 0.00 ms.
Unloading 1634 Unused Serialized files (Serialized files now loaded: 0)
System memory in use before: 248.5 MB.
System memory in use after: 247.2 MB.

Unloading 173 unused Assets to reduce memory usage. Loaded Objects now: 2111.
Total: 4.354930 ms (FindLiveObjects: 0.204763 ms CreateObjectMapping: 0.070991 ms MarkObjects: 3.089601 ms  DeleteObjects: 0.988425 ms)

AssetImportParameters requested are different than current active one (requested -> active):
  custom:video-decoder-ogg-theora: a1e56fd34408186e4bbccfd4996cb3dc -> 
  custom:container-muxer-webm: aa71ff27fc2769a1b78a27578f13a17b -> 
  custom:container-demuxer-webm: 4f35f7cbe854078d1ac9338744f61a02 -> 
  custom:container-demuxer-ogg: 62fdf1f143b41e24485cea50d1cbac27 -> 
  custom:video-encoder-webm-vp8: eb34c28f22e8b96e1ab97ce403110664 -> 
  custom:framework-osx-AVFoundation: e770b220cccbd017edd2c1fefb359320 -> 
  custom:video-decoder-webm-vp8: 9c59270c3fd7afecdb556c50c9e8de78 -> 
  custom:audio-decoder-ogg-vorbis: bf7c407c2cedff20999df2af8eb42d56 -> 
  custom:audio-encoder-webm-vorbis: bf7c407c2cedff20999df2af8eb42d56 -> 
========================================================================
Received Import Request.
  path: Assets/Scripts/ZombieAI.cs
  artifactKey: Guid(b8d026325644243b58bbdea0b80f5a4d) Importer(815301076,1909f56bfc062723c751e8b465ee728b)
Start importing Assets/Scripts/ZombieAI.cs using Guid(b8d026325644243b58bbdea0b80f5a4d) Importer(815301076,1909f56bfc062723c751e8b465ee728b)  -> (artifact id: 'f366197f5bd9b790371754d34f373c7f') in 1.796176 seconds 
  Import took 1.805526 seconds .

========================================================================
Received Import Request.
  Time since last request: 81.550393 seconds.
  path: Assets/Maya/Script/NpcAI.cs
  artifactKey: Guid(08ec1a4e3a3fa44718fb53c354c84bdc) Importer(815301076,1909f56bfc062723c751e8b465ee728b)
Start importing Assets/Maya/Script/NpcAI.cs using Guid(08ec1a4e3a3fa44718fb53c354c84bdc) Importer(815301076,1909f56bfc062723c751e8b465ee728b)  -> (artifact id: 'ba892ab09861e97a634ba1c7e1d2fbf3') in 0.019632 seconds 
  Import took 0.023569 seconds .

========================================================================
Received Import Request.
  Time since last request: 0.634740 seconds.
  path: Assets/Maya/Script/PlayerBasicCode.cs
  artifactKey: Guid(087491c380645864db23f5f773a97a47) Importer(815301076,1909f56bfc062723c751e8b465ee728b)
Start importing Assets/Maya/Script/PlayerBasicCode.cs using Guid(087491c380645864db23f5f773a97a47) Importer(815301076,1909f56bfc062723c751e8b465ee728b)  -> (artifact id: 'c81e131c36e462ef5a5616b455b56254') in 0.002063 seconds 
  Import took 0.005082 seconds .

========================================================================
Received Import Request.
  Time since last request: 0.673515 seconds.
  path: Assets/Maya/Script/PlayerMoveCode.cs
  artifactKey: Guid(57e79f7cb3fb8d947a2c05110b2ae5f2) Importer(815301076,1909f56bfc062723c751e8b465ee728b)
Start importing Assets/Maya/Script/PlayerMoveCode.cs using Guid(57e79f7cb3fb8d947a2c05110b2ae5f2) Importer(815301076,1909f56bfc062723c751e8b465ee728b)  -> (artifact id: '21e5a974629ee32d7d422561f165f886') in 0.003000 seconds 
  Import took 0.006092 seconds .

========================================================================
Received Import Request.
  Time since last request: 0.714185 seconds.
  path: Assets/Maya/Script/ThirdPerson.cs
  artifactKey: Guid(4d13962e9ce505942b47c9afc8bbd984) Importer(815301076,1909f56bfc062723c751e8b465ee728b)
Start importing Assets/Maya/Script/ThirdPerson.cs using Guid(4d13962e9ce505942b47c9afc8bbd984) Importer(815301076,1909f56bfc062723c751e8b465ee728b)  -> (artifact id: 'd265a7721793e3e8cc88f82777e1d9f4') in 0.002104 seconds 
  Import took 0.005291 seconds .

========================================================================
Received Prepare
Registering precompiled user dll's ...
Registered in 0.003825 seconds.
Begin MonoManager ReloadAssembly
Native extension for WindowsStandalone target not found
Native extension for OSXStandalone target not found
Refreshing native plugins compatible for Editor in 0.68 ms, found 2 plugins.
Preloading 0 native plugins for Editor in 0.00 ms.
2022-02-22 02:52:50.631 Unity[35214:2171187] NSEventModifierFlagFunction specified to -setKeyEquivalentModifierMask: for item <NSMenuItem: 0x600001c25f10 Font Asset, ke='Command-F12'>, but is only supported for system-provided menu items; will not be used
Mono: successfully reloaded assembly
- Completed reload, in  1.248 seconds
Domain Reload Profiling:
	ReloadAssembly (1249ms)
		BeginReloadAssembly (124ms)
			ExecutionOrderSort (0ms)
			DisableScriptedObjects (6ms)
			BackupInstance (0ms)
			ReleaseScriptingObjects (0ms)
			CreateAndSetChildDomain (59ms)
		EndReloadAssembly (1038ms)
			LoadAssemblies (82ms)
			RebuildTransferFunctionScriptingTraits (0ms)
			SetupTypeCache (375ms)
			ReleaseScriptCaches (1ms)
			RebuildScriptCaches (54ms)
			SetupLoadedEditorAssemblies (381ms)
				LogAssemblyErrors (0ms)
				InitializePlatformSupportModulesInManaged (5ms)
				SetLoadedEditorAssemblies (1ms)
				RefreshPlugins (1ms)
				BeforeProcessingInitializeOnLoad (133ms)
				ProcessInitializeOnLoadAttributes (231ms)
				ProcessInitializeOnLoadMethodAttributes (9ms)
				AfterProcessingInitializeOnLoad (1ms)
				EditorAssembliesLoaded (0ms)
			ExecutionOrderSort2 (0ms)
			AwakeInstancesAfterBackupRestoration (8ms)
Platform modules already initialized, skipping
Refreshing native plugins compatible for Editor in 0.49 ms, found 2 plugins.
Preloading 0 native plugins for Editor in 0.00 ms.
Unloading 1605 Unused Serialized files (Serialized files now loaded: 0)
System memory in use before: 248.7 MB.
System memory in use after: 248.3 MB.

Unloading 21 unused Assets to reduce memory usage. Loaded Objects now: 2110.
Total: 3.220619 ms (FindLiveObjects: 0.223554 ms CreateObjectMapping: 0.053129 ms MarkObjects: 2.520334 ms  DeleteObjects: 0.422795 ms)

AssetImportParameters requested are different than current active one (requested -> active):
  custom:video-decoder-ogg-theora: a1e56fd34408186e4bbccfd4996cb3dc -> 
  custom:container-muxer-webm: aa71ff27fc2769a1b78a27578f13a17b -> 
  custom:container-demuxer-webm: 4f35f7cbe854078d1ac9338744f61a02 -> 
  custom:container-demuxer-ogg: 62fdf1f143b41e24485cea50d1cbac27 -> 
  custom:video-encoder-webm-vp8: eb34c28f22e8b96e1ab97ce403110664 -> 
  custom:framework-osx-AVFoundation: e770b220cccbd017edd2c1fefb359320 -> 
  custom:video-decoder-webm-vp8: 9c59270c3fd7afecdb556c50c9e8de78 -> 
  custom:audio-decoder-ogg-vorbis: bf7c407c2cedff20999df2af8eb42d56 -> 
  custom:audio-encoder-webm-vorbis: bf7c407c2cedff20999df2af8eb42d56 -> 
